Build started 2-7-2012 16:42:24.
     1>Project "C:\Guus\Tools\of_v0071_vs2010_release\Subuk\GLOW\GLOW_V1.0\emptyExample.vcxproj" on node 2 (build target(s)).
     1>InitializeBuildStatus:
         Creating "obj\Debug\GLOW.unsuccessfulbuild" because "AlwaysCreate" was specified.
       ClCompile:
         c:\Program Files (x86)\Microsoft Visual Studio 10.0\VC\bin\CL.exe /c /I..\..\..\libs\openFrameworks /I..\..\..\libs\openFrameworks\graphics /I..\..\..\libs\openFrameworks\app /I..\..\..\libs\openFrameworks\sound /I..\..\..\libs\openFrameworks\utils /I..\..\..\libs\openFrameworks\communication /I..\..\..\libs\openFrameworks\video /I..\..\..\libs\openFrameworks\types /I..\..\..\libs\openFrameworks\math /I..\..\..\libs\openFrameworks\3d /I..\..\..\libs\openFrameworks\gl /I..\..\..\libs\openFrameworks\events /I..\..\..\libs\glut\include /I..\..\..\libs\rtAudio\include /I..\..\..\libs\quicktime\include /I..\..\..\libs\freetype\include /I..\..\..\libs\freetype\include\freetype2 /I..\..\..\libs\freeImage\include /I..\..\..\libs\fmodex\include /I..\..\..\libs\videoInput\include /I..\..\..\libs\glew\include\ /I..\..\..\libs\glu\include /I..\..\..\libs\tess2\include /I..\..\..\libs\cairo\include\cairo /I..\..\..\libs\poco\include /I..\..\..\addons /Isrc /ZI /nologo /W3 /WX- /Od /Oy- /D WIN32 /D _DEBUG /D _CONSOLE /D POCO_STATIC /D CAIRO_WIN32_STATIC_BUILD /D DISABLE_SOME_FLOATING_POINT /D _UNICODE /D UNICODE /Gm /EHsc /RTC1 /MDd /GS /fp:precise /Zc:wchar_t /Zc:forScope /Fo"obj\Debug\\" /Fd"obj\Debug\vc100.pdb" /Gd /TP /analyze- /errorReport:prompt src\GLOW.cpp
         GLOW.cpp
       ManifestResourceCompile:
         All outputs are up-to-date.
       Link:
         c:\Program Files (x86)\Microsoft Visual Studio 10.0\VC\bin\link.exe /ERRORREPORT:PROMPT /OUT:"bin\GLOW_debug.exe" /INCREMENTAL /NOLOGO /LIBPATH:..\..\..\libs\glut\lib\vs2010 /LIBPATH:..\..\..\libs\rtAudio\lib\vs2010 /LIBPATH:..\..\..\libs\FreeImage\lib\vs2010 /LIBPATH:..\..\..\libs\freetype\lib\vs2010 /LIBPATH:..\..\..\libs\quicktime\lib\vs2010 /LIBPATH:..\..\..\libs\fmodex\lib\vs2010 /LIBPATH:..\..\..\libs\videoInput\lib\vs2010 /LIBPATH:..\..\..\libs\cairo\lib\vs2010 /LIBPATH:..\..\..\libs\glew\lib\vs2010 /LIBPATH:..\..\..\libs\glu\lib\vs2010 /LIBPATH:..\..\..\libs\Poco\lib\vs2010 /LIBPATH:..\..\..\libs\tess2\lib\vs2010 "cairo-static.lib" "pixman-1.lib" msimg32.lib OpenGL32.lib GLu32.lib kernel32.lib setupapi.lib Vfw32.lib comctl32.lib glut32.lib rtAudioD.lib videoInput.lib libfreetype.lib FreeImage.lib qtmlClient.lib dsound.lib user32.lib gdi32.lib winspool.lib comdlg32.lib advapi32.lib shell32.lib ole32.lib oleaut32.lib uuid.lib glew32s.lib fmodex_vc.lib glu32.lib PocoFoundationmdd.lib PocoNetmdd.lib PocoUtilmdd.lib PocoXMLmdd.lib Ws2_32.lib tess2.lib kernel32.lib user32.lib gdi32.lib winspool.lib comdlg32.lib advapi32.lib shell32.lib ole32.lib oleaut32.lib uuid.lib odbc32.lib odbccp32.lib /NODEFAULTLIB:PocoFoundationd.lib /NODEFAULTLIB:atlthunk.lib /NODEFAULTLIB:LIBC.lib /NODEFAULTLIB:LIBCMT /MANIFEST /ManifestFile:"obj\Debug\GLOW_debug.exe.intermediate.manifest" /MANIFESTUAC:"level='asInvoker' uiAccess='false'" /DEBUG /PDB:"C:\Guus\Tools\of_v0071_vs2010_release\Subuk\GLOW\GLOW_V1.0\bin\GLOW_debug_debugInfo.pdb" /SUBSYSTEM:CONSOLE /TLBID:1 /DYNAMICBASE:NO /IMPLIB:"bin\GLOW_debug.lib" /MACHINE:X86 obj\Debug\GLOW_debug.exe.embed.manifest.res
         obj\Debug\main.obj
         obj\Debug\GLOW.obj
         C:\Guus\Tools\of_v0071_vs2010_release\libs\openFrameworksCompiled\lib\vs2010\openframeworksLibDebug.lib
       Manifest:
         C:\Program Files (x86)\Microsoft SDKs\Windows\v7.0A\bin\mt.exe /nologo /verbose /out:"obj\Debug\GLOW_debug.exe.embed.manifest" /manifest obj\Debug\GLOW_debug.exe.intermediate.manifest
         All outputs are up-to-date.
       LinkEmbedManifest:
         All outputs are up-to-date.
         emptyExample.vcxproj -> C:\Guus\Tools\of_v0071_vs2010_release\Subuk\GLOW\GLOW_V1.0\bin\GLOW_debug.exe
       PostBuildEvent:
         Description: adding DLLs and creating data folder
         xcopy /e /i /y "C:\Guus\Tools\of_v0071_vs2010_release\Subuk\GLOW\GLOW_V1.0\..\..\..\export\vs2010\*.dll" "C:\Guus\Tools\of_v0071_vs2010_release\Subuk\GLOW\GLOW_V1.0\bin"
         :VCEnd
         C:\Guus\Tools\of_v0071_vs2010_release\Subuk\GLOW\GLOW_V1.0\..\..\..\export\vs2010\Assimp32.dll
         C:\Guus\Tools\of_v0071_vs2010_release\Subuk\GLOW\GLOW_V1.0\..\..\..\export\vs2010\fmodex.dll
         C:\Guus\Tools\of_v0071_vs2010_release\Subuk\GLOW\GLOW_V1.0\..\..\..\export\vs2010\fmodexL.dll
         C:\Guus\Tools\of_v0071_vs2010_release\Subuk\GLOW\GLOW_V1.0\..\..\..\export\vs2010\FreeImage.dll
         C:\Guus\Tools\of_v0071_vs2010_release\Subuk\GLOW\GLOW_V1.0\..\..\..\export\vs2010\FreeType-6.dll
         C:\Guus\Tools\of_v0071_vs2010_release\Subuk\GLOW\GLOW_V1.0\..\..\..\export\vs2010\glut32.dll
         C:\Guus\Tools\of_v0071_vs2010_release\Subuk\GLOW\GLOW_V1.0\..\..\..\export\vs2010\Zlib.dll
         7 bestand(en) gekopieerd
       FinalizeBuildStatus:
         Deleting file "obj\Debug\GLOW.unsuccessfulbuild".
         Touching "obj\Debug\GLOW.lastbuildstate".
     1>Done Building Project "C:\Guus\Tools\of_v0071_vs2010_release\Subuk\GLOW\GLOW_V1.0\emptyExample.vcxproj" (build target(s)).

Build succeeded.

Time Elapsed 00:00:06.16
